TN:
SF:./src/angular-spotify.js
FN:1,(anonymous_1)
FN:6,(anonymous_2)
FN:15,(anonymous_3)
FN:20,(anonymous_4)
FN:24,(anonymous_5)
FN:29,(anonymous_6)
FN:34,(anonymous_7)
FN:38,(anonymous_8)
FN:44,(anonymous_9)
FN:46,(anonymous_10)
FN:57,(anonymous_11)
FN:59,NgSpotify
FN:68,(anonymous_13)
FN:78,(anonymous_14)
FN:81,(anonymous_15)
FN:92,(anonymous_16)
FN:108,(anonymous_17)
FN:118,(anonymous_18)
FN:120,(anonymous_19)
FN:132,(anonymous_20)
FN:145,(anonymous_21)
FN:154,(anonymous_22)
FN:156,(anonymous_23)
FN:165,(anonymous_24)
FN:175,(anonymous_25)
FN:183,(anonymous_26)
FN:193,(anonymous_27)
FN:199,(anonymous_28)
FN:201,(anonymous_29)
FN:213,(anonymous_30)
FN:219,(anonymous_31)
FN:225,(anonymous_32)
FN:231,(anonymous_33)
FN:238,(anonymous_34)
FN:240,(anonymous_35)
FN:252,(anonymous_36)
FN:255,(anonymous_37)
FN:269,(anonymous_38)
FN:276,(anonymous_39)
FN:279,(anonymous_40)
FN:291,(anonymous_41)
FN:302,(anonymous_42)
FN:306,(anonymous_43)
FN:315,(anonymous_44)
FN:321,(anonymous_45)
FN:323,(anonymous_46)
FN:333,(anonymous_47)
FN:335,(anonymous_48)
FN:345,(anonymous_49)
FN:347,(anonymous_50)
FN:361,(anonymous_51)
FN:367,(anonymous_52)
FN:376,(anonymous_53)
FN:382,(anonymous_54)
FN:388,(anonymous_55)
FN:394,(anonymous_56)
FN:403,(anonymous_57)
FN:409,(anonymous_58)
FN:420,(anonymous_59)
FN:425,(anonymous_60)
FN:447,storageChanged
FNF:61
FNH:60
FNDA:1,(anonymous_1)
FNDA:141,(anonymous_2)
FNDA:2,(anonymous_3)
FNDA:1,(anonymous_4)
FNDA:1,(anonymous_5)
FNDA:2,(anonymous_6)
FNDA:1,(anonymous_7)
FNDA:1,(anonymous_8)
FNDA:3,(anonymous_9)
FNDA:11,(anonymous_10)
FNDA:127,(anonymous_11)
FNDA:127,NgSpotify
FNDA:42,(anonymous_13)
FNDA:18,(anonymous_14)
FNDA:13,(anonymous_15)
FNDA:3,(anonymous_16)
FNDA:4,(anonymous_17)
FNDA:5,(anonymous_18)
FNDA:12,(anonymous_19)
FNDA:4,(anonymous_20)
FNDA:4,(anonymous_21)
FNDA:4,(anonymous_22)
FNDA:6,(anonymous_23)
FNDA:4,(anonymous_24)
FNDA:5,(anonymous_25)
FNDA:4,(anonymous_26)
FNDA:4,(anonymous_27)
FNDA:4,(anonymous_28)
FNDA:6,(anonymous_29)
FNDA:1,(anonymous_30)
FNDA:1,(anonymous_31)
FNDA:1,(anonymous_32)
FNDA:1,(anonymous_33)
FNDA:2,(anonymous_34)
FNDA:6,(anonymous_35)
FNDA:2,(anonymous_36)
FNDA:6,(anonymous_37)
FNDA:1,(anonymous_38)
FNDA:2,(anonymous_39)
FNDA:6,(anonymous_40)
FNDA:1,(anonymous_41)
FNDA:3,(anonymous_42)
FNDA:1,(anonymous_43)
FNDA:1,(anonymous_44)
FNDA:2,(anonymous_45)
FNDA:4,(anonymous_46)
FNDA:2,(anonymous_47)
FNDA:4,(anonymous_48)
FNDA:2,(anonymous_49)
FNDA:4,(anonymous_50)
FNDA:2,(anonymous_51)
FNDA:2,(anonymous_52)
FNDA:2,(anonymous_53)
FNDA:2,(anonymous_54)
FNDA:1,(anonymous_55)
FNDA:2,(anonymous_56)
FNDA:1,(anonymous_57)
FNDA:2,(anonymous_58)
FNDA:33,(anonymous_59)
FNDA:1,(anonymous_60)
FNDA:0,storageChanged
DA:1,1
DA:4,1
DA:9,141
DA:10,141
DA:11,141
DA:12,141
DA:13,141
DA:15,141
DA:16,2
DA:17,2
DA:20,141
DA:21,1
DA:24,141
DA:25,1
DA:26,1
DA:29,141
DA:30,2
DA:31,2
DA:34,141
DA:35,1
DA:38,141
DA:39,1
DA:40,1
DA:43,141
DA:44,141
DA:45,3
DA:46,3
DA:47,11
DA:49,3
DA:55,141
DA:57,141
DA:59,1
DA:60,127
DA:61,127
DA:62,127
DA:63,127
DA:64,127
DA:65,127
DA:68,127
DA:69,42
DA:71,42
DA:79,18
DA:82,13
DA:84,42
DA:92,127
DA:93,3
DA:94,3
DA:95,3
DA:97,3
DA:108,127
DA:109,4
DA:111,4
DA:118,127
DA:119,5
DA:120,5
DA:121,12
DA:123,5
DA:132,127
DA:133,4
DA:135,4
DA:145,127
DA:146,4
DA:148,4
DA:154,127
DA:155,4
DA:156,4
DA:157,6
DA:159,4
DA:165,127
DA:166,4
DA:168,4
DA:175,127
DA:176,5
DA:178,5
DA:183,127
DA:184,4
DA:186,4
DA:193,127
DA:194,4
DA:196,4
DA:199,127
DA:200,4
DA:201,4
DA:202,6
DA:204,4
DA:213,127
DA:214,1
DA:219,127
DA:220,1
DA:225,127
DA:226,1
DA:231,127
DA:232,1
DA:238,127
DA:239,2
DA:240,2
DA:241,6
DA:243,2
DA:252,127
DA:253,2
DA:254,2
DA:255,2
DA:256,6
DA:257,6
DA:261,2
DA:269,127
DA:270,1
DA:276,127
DA:277,2
DA:278,2
DA:279,2
DA:280,6
DA:281,6
DA:283,2
DA:291,127
DA:292,1
DA:302,127
DA:303,3
DA:306,127
DA:307,1
DA:315,127
DA:316,1
DA:321,127
DA:322,2
DA:323,2
DA:324,4
DA:326,2
DA:333,127
DA:334,2
DA:335,2
DA:336,4
DA:338,2
DA:345,127
DA:346,2
DA:347,2
DA:348,4
DA:350,2
DA:361,127
DA:362,2
DA:367,127
DA:368,2
DA:376,127
DA:377,2
DA:382,127
DA:383,2
DA:388,127
DA:389,1
DA:394,127
DA:395,2
DA:403,127
DA:404,1
DA:409,127
DA:410,2
DA:420,127
DA:421,33
DA:422,33
DA:425,127
DA:426,1
DA:427,1
DA:429,1
DA:434,1
DA:441,1
DA:447,1
DA:448,0
DA:449,0
DA:450,0
DA:453,0
DA:454,0
DA:457,0
DA:461,1
DA:463,1
DA:466,127
LF:172
LH:166
BRDA:73,1,0,27
BRDA:73,1,1,15
BRDA:93,2,0,3
BRDA:93,2,1,3
BRDA:109,3,0,3
BRDA:109,3,1,1
BRDA:119,4,0,3
BRDA:119,4,1,2
BRDA:121,5,0,3
BRDA:121,5,1,9
BRDA:124,6,0,4
BRDA:124,6,1,1
BRDA:133,7,0,3
BRDA:133,7,1,1
BRDA:146,8,0,3
BRDA:146,8,1,1
BRDA:155,9,0,3
BRDA:155,9,1,1
BRDA:157,10,0,2
BRDA:157,10,1,4
BRDA:160,11,0,3
BRDA:160,11,1,1
BRDA:166,12,0,3
BRDA:166,12,1,1
BRDA:176,13,0,4
BRDA:176,13,1,1
BRDA:184,14,0,3
BRDA:184,14,1,1
BRDA:194,15,0,3
BRDA:194,15,1,1
BRDA:200,16,0,3
BRDA:200,16,1,1
BRDA:202,17,0,2
BRDA:202,17,1,4
BRDA:205,18,0,3
BRDA:205,18,1,1
BRDA:239,19,0,2
BRDA:239,19,1,0
BRDA:241,20,0,3
BRDA:241,20,1,3
BRDA:245,21,0,0
BRDA:245,21,1,2
BRDA:253,22,0,2
BRDA:253,22,1,0
BRDA:258,23,0,3
BRDA:258,23,1,3
BRDA:277,24,0,2
BRDA:277,24,1,0
BRDA:281,25,0,3
BRDA:281,25,1,3
BRDA:322,26,0,0
BRDA:322,26,1,2
BRDA:324,27,0,2
BRDA:324,27,1,2
BRDA:334,28,0,0
BRDA:334,28,1,2
BRDA:336,29,0,2
BRDA:336,29,1,2
BRDA:346,30,0,0
BRDA:346,30,1,2
BRDA:348,31,0,2
BRDA:348,31,1,2
BRDA:396,32,0,2
BRDA:396,32,1,1
BRDA:437,33,0,1
BRDA:437,33,1,1
BRDA:448,34,0,0
BRDA:448,34,1,0
BRDA:449,35,0,0
BRDA:449,35,1,0
BRF:70
BRH:59
end_of_record
